Arguments: 
  /opt/homebrew/Cellar/node/18.11.0/bin/node /opt/homebrew/Cellar/yarn/1.22.19/libexec/bin/yarn.js add express mongoose

PATH: 
  /opt/homebrew/bin:/opt/homebrew/sbin:/usr/local/bin:/usr/bin:/bin:/usr/sbin:/sbin:/Library/Apple/usr/bin

Yarn version: 
  1.22.19

Node version: 
  18.11.0

Platform: 
  darwin arm64

Trace: 
  Error: getaddrinfo ENOTFOUND registry.yarnpkg.com
      at GetAddrInfoReqWrap.onlookup [as oncomplete] (node:dns:107:26)

npm manifest: 
  {
    "name": "stockchartsBackend",
    "version": "1.0.0",
    "description": "Stock market app using mongo changestreams",
    "main": "index.js",
    "author": "panashe mushinyi",
    "license": "MIT"
  }

yarn manifest: 
  No manifest

Lockfile: 
  No lockfile
